<?xml version="1.0" encoding="UTF-8"?>
<!-- Generated by org.testng.reporters.JUnitReportReporter -->
<testsuite hostname="SubhanPC" failures="0" tests="1" name="My_Package.ebay" time="10.729" errors="0" timestamp="2024-07-07T21:06:24 IST" skipped="0">
  <testcase classname="My_Package.ebay" name="tc1" time="10.729"/>
  <system-out/>
</testsuite> <!-- My_Package.ebay -->
