<?xml version="1.0" encoding="UTF-8"?>
<!-- Generated by org.testng.reporters.JUnitReportReporter -->
<testsuite hostname="SubhanPC" failures="0" tests="1" name="My_Package.snapdeal" time="5.437" errors="0" timestamp="2024-07-07T21:20:53 IST" skipped="0">
  <testcase classname="My_Package.snapdeal" name="tc1" time="5.437"/>
  <system-out/>
</testsuite> <!-- My_Package.snapdeal -->
